
2.1.2015 - 22:0 SandySweet killed #ff0000Jo#00ff00skaba for: stupid
2.1.2015 - 22:0 SandySweet killed #000000No-#ff0000name for: idiot
2.1.2015 - 22:23 SandySweet killed muroooo for: idiot
2.1.2015 - 22:23 SandySweet killed muroooo for: noob
3.1.2015 - 1:5 [SGA]H!J@CK killed Jama for: blocking
3.1.2015 - 13:12 SandySweet killed LJBlack for: stop
3.1.2015 - 19:15 SandySweet killed [DoN]Granderski_Do$ for: idiot
3.1.2015 - 19:15 SandySweet killed ErraticPine40 for: .i.
3.1.2015 - 19:16 SandySweet killed [DoN]Granderski_Do$ for: popek
3.1.2015 - 19:17 SandySweet killed BinSlayer for: blocker
3.1.2015 - 19:17 [SiK]PauerfC_Cl killed BinSlayer for: pink car
3.1.2015 - 19:17 SandySweet killed Dark_Delphin for: blocker
3.1.2015 - 19:18 SandySweet killed KorneeL for: blocker
3.1.2015 - 19:19 SandySweet killed #dc143cUmadbro for: bish
4.1.2015 - 15:37 SandySweet killed muroooo for: blocker
4.1.2015 - 15:39 SandySweet killed muroooo for: stinky turk
4.1.2015 - 15:45 SandySweet killed muroooo for: idiot
4.1.2015 - 15:51 SandySweet killed muroooo for: stupid
4.1.2015 - 15:54 SandySweet killed PUTIN_HUILO for: suka
4.1.2015 - 16:11 SandySweet killed #FEFE22Megas#00FFFFXLR for: blocker
4.1.2015 - 16:14 SandySweet killed muroooo for: idiot
4.1.2015 - 16:14 SandySweet killed muroooo for: idiot
4.1.2015 - 16:14 SandySweet killed muroooo for: idiot
4.1.2015 - 16:17 SandySweet killed muroooo for: idiot
4.1.2015 - 16:18 SandySweet killed muroooo for: idiot
4.1.2015 - 16:19 SandySweet killed muroooo for: idiot
4.1.2015 - 16:19 SandySweet killed muroooo for: idiot
4.1.2015 - 16:19 SandySweet killed muroooo for: idiot
4.1.2015 - 16:19 SandySweet killed muroooo for: idiot
4.1.2015 - 16:20 SandySweet killed muroooo for: idiot
4.1.2015 - 16:21 SandySweet killed muroooo for: idiot
4.1.2015 - 16:23 SandySweet killed muroooo for: idiot
4.1.2015 - 20:33 -]alw[-#fff000MoshPit killed muroooo for: ww
4.1.2015 - 20:34 -]alw[-#fff000MoshPit killed muroooo for: wrong way
4.1.2015 - 21:27 -]alw[-#fff000MoshPit killed |CrF|#008080Valhalla for: blocking
4.1.2015 - 21:28 -]alw[-#fff000MoshPit killed muroooo for: block
4.1.2015 - 22:55 SandySweet killed |CrF|#008080Valhalla for: idiot
4.1.2015 - 23:7 SandySweet killed [DoN]Granderski_Do$ for: spierdalaj
5.1.2015 - 1:25 SandySweet killed #aae6b5civic for: possij mi
5.1.2015 - 1:25 SandySweet killed Mad#ff0000Max#00dd00DZ for: stupid
5.1.2015 - 1:25 SandySweet killed #aae6b5civic for: ssij teraz
5.1.2015 - 1:56 SandySweet killed [DoN]Granderski_Do$ for: blocking
5.1.2015 - 4:21 -]alw[-#fff000MoshPit killed #ff0000Pollaman for: blocker
5.1.2015 - 15:22 [SGA]Jack123 killed DullOfficer44 for: lag
5.1.2015 - 17:0 SandySweet killed Semert for: blocking
6.1.2015 - 22:39 -]alw[-#fff000MoshPit killed Johners for: block
7.1.2015 - 18:23 [SGA]DOOZY#B7CEECJude killed #000000Stanley for: hack
7.1.2015 - 19:57 [SiK]PauerfC_Cl killed roba#ff0000(*#00dd00DZ for: .
7.1.2015 - 19:57 [SiK]PauerfC_Cl killed #FFFF00CV_#000000Jhon for: bnlock
7.1.2015 - 19:58 [SiK]PauerfC_Cl killed ErraticPine40 for: block
7.1.2015 - 19:58 [SiK]PauerfC_Cl killed ErraticPine40 for: block
7.1.2015 - 19:58 [SiK]PauerfC_Cl killed #FFFF00CV_#000000Jhon for: block
7.1.2015 - 19:58 [SiK]PauerfC_Cl killed ErraticPine40 for: block
7.1.2015 - 19:59 [SiK]PauerfC_Cl killed roba#ff0000(*#00dd00DZ for: block
7.1.2015 - 19:59 [SiK]PauerfC_Cl killed #FFFF00CV_#000000Jhon for: block
7.1.2015 - 19:59 [SiK]PauerfC_Cl killed Goran for: block
7.1.2015 - 19:59 [SiK]PauerfC_Cl killed roba#ff0000(*#00dd00DZ for: block
7.1.2015 - 19:59 [SiK]PauerfC_Cl killed #FFFF00CV_#000000Jhon for: block
7.1.2015 - 20:3 [SiK]PauerfC_Cl killed roba#ff0000(*#00dd00DZ for: blocker
8.1.2015 - 3:43 -]alw[-#fff000MoshPit killed #000000[Cc]#F3F781Dona for: block
8.1.2015 - 20:49 #7ade00AleksCore killed [LFS]#440127Nightwise for: blocking
9.1.2015 - 0:4 SandySweet killed z3r0 for: follow checkpoints
9.1.2015 - 0:19 SandySweet killed Jama for: .
9.1.2015 - 16:47 SandySweet killed #000000No-#ff0000name for: s
9.1.2015 - 17:11 SandySweet killed #000000No-#ff0000name for: pizda
9.1.2015 - 17:13 SandySweet killed #000000No-#ff0000name for: pizda
9.1.2015 - 17:20 SandySweet killed #000000No-#ff0000name for: blocker
9.1.2015 - 17:25 SandySweet killed #000000No-#ff0000name for: bloocker
9.1.2015 - 17:30 SandySweet killed #000000No-#ff0000name for: blocker
9.1.2015 - 17:34 SandySweet killed #000000No-#ff0000name for: blocker
9.1.2015 - 17:42 SandySweet killed #000000No-#ff0000name for: blocker
9.1.2015 - 17:56 SandySweet killed #000000No-#ff0000name for: blocker
9.1.2015 - 18:12 SandySweet killed #000000No-#ff0000name for: blocker
9.1.2015 - 18:14 SandySweet killed #000000No-#ff0000name for: blocker
9.1.2015 - 18:15 SandySweet killed #000000No-#ff0000name for: blocker
9.1.2015 - 18:15 SandySweet killed #000000No-#ff0000name for: blocker
9.1.2015 - 18:16 SandySweet killed #000000No-#ff0000name for: blocker
9.1.2015 - 18:16 SandySweet killed #000000No-#ff0000name for: blocker
9.1.2015 - 18:16 SandySweet killed #000000No-#ff0000name for: blocker
9.1.2015 - 18:16 SandySweet killed #000000No-#ff0000name for: blocker
9.1.2015 - 18:17 SandySweet killed #000000No-#ff0000name for: blocker
9.1.2015 - 18:17 SandySweet killed #000000No-#ff0000name for: blocker
9.1.2015 - 18:17 SandySweet killed #000000No-#ff0000name for: blocker
9.1.2015 - 19:50 [SiK]PauerfC_Cl killed |By|Luis#FF0000|T.C|u! for: blocker
10.1.2015 - 5:5 -]alw[-#fff000MoshPit killed PUTIN_is_the_BEST for: block
10.1.2015 - 14:42 SandySweet killed LaN|#6699FFZikkerSon for: block
10.1.2015 - 14:45 SandySweet killed LaN|#6699FFZikkerSon for: idiot
10.1.2015 - 20:19 [SiK]PauerfC_Cl killed #ff0000KillerMachine for: blocker
10.1.2015 - 20:20 [SiK]PauerfC_Cl killed #ff0000KillerMachine for: blocker
10.1.2015 - 22:59 [SGA]DOOZY#B7CEECJude killed Ras#ff0000Drk#00dd00DZ for: block
10.1.2015 - 23:2 [SGA]DOOZY#B7CEECJude killed [155]1KodumTek7 for: blocking
11.1.2015 - 3:6 -]alw[-#fff000MoshPit killed Naulim for: block
11.1.2015 - 11:50 [SiK]PauerfC_Cl killed xXRoNyXx for: idiot
13.1.2015 - 14:34 #7ade00AleksCore killed jolly for: fuck off with ur map
13.1.2015 - 14:34 #7ade00AleksCore killed ______________________ for: same
13.1.2015 - 14:40 #7ade00AleksCore killed ______________________ for: and what now
13.1.2015 - 14:40 #7ade00AleksCore killed jolly for: same
13.1.2015 - 17:0 SandySweet killed DennisTheBest1 for: idiot
13.1.2015 - 17:53 SandySweet killed #000000No-#ff0000name for: blocker
13.1.2015 - 18:2 SandySweet killed #000000No-#ff0000name for: idiot
13.1.2015 - 18:11 SandySweet killed #000000No-#ff0000name for: blocker
13.1.2015 - 18:11 SandySweet killed #000000No-#ff0000name for: blocker
13.1.2015 - 22:48 SandySweet killed KoM|#FFCC00Chickenbutt for: idiot
13.1.2015 - 22:49 SandySweet killed x#fff700Bu#00ff2aran for: blocker
13.1.2015 - 22:49 SandySweet killed #280777[Donacco] for: idiot
13.1.2015 - 22:49 SandySweet killed F*ckYou for: stupid
13.1.2015 - 22:49 SandySweet killed x#fff700Bu#00ff2aran for: dumbass
14.1.2015 - 22:27 SandySweet killed Dru#ff0000nK#00dd00DZ for: cunt
14.1.2015 - 22:27 SandySweet killed Dru#ff0000nK#00dd00DZ for: take this
14.1.2015 - 22:28 SandySweet killed ErraticPine40 for: noob
15.1.2015 - 9:2 -]alw[-#fff000MoshPit killed ErraticPine40 for: bck
15.1.2015 - 18:43 [SGA]DOOZY#B7CEECJude killed (SGA)discovery for: fake
15.1.2015 - 18:51 [SGA]DOOZY#B7CEECJude killed #33ff33[SKC]ViRuS for: hack
15.1.2015 - 20:26 [SGA]DOOZY#B7CEECJude killed [UA]Alfer for: ff
15.1.2015 - 20:37 [SGA]DOOZY#B7CEECJude killed CREAMPIE_MADNESS for: lag
16.1.2015 - 14:24 SandySweet killed senseye for: idiot
16.1.2015 - 14:42 SandySweet killed 00Schneider for: idiot
16.1.2015 - 14:43 SandySweet killed 00Schneider for: stupid
16.1.2015 - 19:16 SandySweet killed CaringBaobab96 for: blocker
16.1.2015 - 19:16 SandySweet killed [NG]TheRipper for: blocker
16.1.2015 - 19:17 SandySweet killed [HYA]Master95 for: idiot
17.1.2015 - 2:7 #008099neo#990000x. killed [WRT]#ff0000Diablo666 for: ...
17.1.2015 - 23:23 [SGA]H!J@CK killed Lapinas for: blocking
18.1.2015 - 5:4 -]alw[-#fff000MoshPit killed [WRT]BlancoPerla for: blck
18.1.2015 - 15:33 [SGA]DOOZY#B7CEECJude killed Rhooke for: idiot
18.1.2015 - 18:21 SandySweet killed #00CCFFJacksParrow for: idiot
18.1.2015 - 18:32 SandySweet killed #FF0000hudy#00FF004701 for: idiota
19.1.2015 - 0:7 #7ade00AleksCore killed #ff0000Engendro for: blocking
19.1.2015 - 0:7 #7ade00AleksCore killed #ff0000Engendro for: blocking
19.1.2015 - 14:40 [SiK]PauerfC_Cl killed #00FFFF[uDka]ZILINS for: blocker
20.1.2015 - 12:14 SandySweet killed #FF0000hudy#00FF004701 for: blocker
20.1.2015 - 12:21 SandySweet killed #FF0000hudy#00FF004701 for: kretyn
20.1.2015 - 16:32 [SGA]DOOZY#B7CEECJude killed PCC|#f00000PIkelete for: ping
20.1.2015 - 18:27 SandySweet killed [DoN]Granderski_Do$ for: łaczyna
21.1.2015 - 5:15 -]alw[-#fff000MoshPit killed Sida for: blck
21.1.2015 - 5:29 -]alw[-#fff000MoshPit killed Sida for: blck
21.1.2015 - 15:4 [SiK]PauerfC_Cl killed SandySweet for: PRESS B YOU IDIOT
21.1.2015 - 17:57 SandySweet killed SeRion for: blocker
22.1.2015 - 11:4 -]alw[-#fff000MoshPit killed #00FFFF[uDka]ZILINS for: block
22.1.2015 - 12:46 [SGA]DOOZY#B7CEECJude killed DURICS for: <3
22.1.2015 - 15:24 [SGA]DOOZY#B7CEECJude killed [LSL]Leon for: spasst
22.1.2015 - 15:25 [SGA]DOOZY#B7CEECJude killed [LSL]Leon for: f
22.1.2015 - 15:26 [SGA]DOOZY#B7CEECJude killed [LSL]Leon for: h
22.1.2015 - 16:23 [SiK]PauerfC_Cl killed #00FFFF[uDka]Starf*cke for: drive normal
23.1.2015 - 14:23 [SiK]PauerfC_Cl killed [dLb]#0b614bSweatyVaj for: press b idiot
23.1.2015 - 22:26 SandySweet killed #0000ffSub-#00ffffZero for: bloker
23.1.2015 - 22:26 SandySweet killed #0000ffSub-#00ffffZero for: bloker
24.1.2015 - 15:47 SandySweet killed #00FFFF[uDka]ZILINS for: pizdaaaaa
24.1.2015 - 15:48 SandySweet killed jan611 for: idiot
24.1.2015 - 15:59 SandySweet killed BERAAT for: idiot
24.1.2015 - 16:35 [SGA]DOOZY#B7CEECJude killed SkullCandy2045 for: retard
24.1.2015 - 16:35 [SGA]DOOZY#B7CEECJude killed SkullCandy2045 for: retard
25.1.2015 - 19:32 [SiK]PauerfC_Cl killed Rherty16 for: you idiot
26.1.2015 - 15:1 SandySweet killed -XIII-#a30707Driver76 for: blocker
26.1.2015 - 20:12 [SiK]PauerfC_Cl killed #FF1493[uDka]ROZALIJA for: idiot
26.1.2015 - 20:50 [SGA]DOOZY#B7CEECJude killed [ptzh]DvDMZ for: block
26.1.2015 - 20:51 [SGA]DOOZY#B7CEECJude killed [ptzh]DvDMZ for: nigga
26.1.2015 - 21:10 [SGA]DOOZY#B7CEECJude killed #FF1493[uDka]ROZALIJA for: aa
27.1.2015 - 5:5 -]alw[-#fff000MoshPit killed #ff0000Pollaman for: blck
27.1.2015 - 17:50 SandySweet killed #404040Realjno for: N00B
27.1.2015 - 18:0 SandySweet killed EfeGaming for: idiot
27.1.2015 - 18:0 SandySweet killed EfeGaming for: idiot
27.1.2015 - 18:0 SandySweet killed EfeGaming for: idiot
27.1.2015 - 18:2 SandySweet killed EfeGaming for: banned
27.1.2015 - 18:3 SandySweet killed EfeGaming for: 4everGM
27.1.2015 - 18:4 SandySweet killed CulturedTophat27 for: idiot
27.1.2015 - 21:37 [SGA]DOOZY#B7CEECJude killed ABOGAOMALAFAMA for: block
28.1.2015 - 3:37 -]alw[-#fff000MoshPit killed xxsantixdxx for: blck
28.1.2015 - 3:37 -]alw[-#fff000MoshPit killed xxsantixdxx for: blck
28.1.2015 - 4:26 -]alw[-#fff000MoshPit killed 505#ff0000GTI#00dd00DZ for: bck
28.1.2015 - 4:44 -]alw[-#fff000MoshPit killed 103#ff0000(*#00dd00DZ for: blck
28.1.2015 - 4:45 -]alw[-#fff000MoshPit killed 103#ff0000(*#00dd00DZ for: blck
28.1.2015 - 4:46 -]alw[-#fff000MoshPit killed 103#ff0000(*#00dd00DZ for: blck
28.1.2015 - 17:15 SandySweet killed [DRIFT~Meteh@n]~[FG]~ for: blocker
28.1.2015 - 17:16 SandySweet killed [DRIFT~Meteh@n]~[FG]~ for: wrongdirection
28.1.2015 - 18:6 [SiK]PauerfC_Cl killed #FF0040Alptug for: dont block
29.1.2015 - 16:31 SandySweet killed BBG for: idiot
29.1.2015 - 18:37 [SGA]DOOZY#B7CEECJude killed #00FF00Ramer-Pro for: kid stfu
29.1.2015 - 21:15 SandySweet killed SzymonDaun for: kretyn
29.1.2015 - 21:16 SandySweet killed Leyenda for: pyti
29.1.2015 - 21:16 SandySweet killed ImpossibleGrains90 for: idiot
30.1.2015 - 1:30 -]alw[-#fff000MoshPit killed senseye for: gay
30.1.2015 - 16:55 SandySweet killed #FEFE22Megas#00FFFFXLR for: idiot
30.1.2015 - 16:55 SandySweet killed #FEFE22Megas#00FFFFXLR for: idiot
30.1.2015 - 17:42 SandySweet killed [uDka]Granderski_Do$ for: idiot
31.1.2015 - 14:58 [SGA]H!J@CK killed #FF0040Alptug for: blocking in previous map
31.1.2015 - 15:6 SandySweet killed #00ffff!.X.!|Mustafa| for: idiot
1.2.2015 - 0:40 #7ade00AleksCore killed #EE82EEStartseva[RUS] for: s
1.2.2015 - 0:46 #7ade00AleksCore killed #ff0000mikethelink for: bombit
1.2.2015 - 10:37 SandySweet killed [uDka]Granderski_Do$ for: blocker
1.2.2015 - 10:46 SandySweet killed 1982 for: blocker
1.2.2015 - 19:3 [SiK]PauerfC_Cl killed Dalek for: blocker
1.2.2015 - 19:12 [SiK]PauerfC_Cl killed belekas for: blocker
2.2.2015 - 21:21 [SGA]DOOZYJude killed #fab8fcMiley_Cyrus for: ff
2.2.2015 - 21:22 [SGA]DOOZYJude killed #fab8fcMiley_Cyrus for: <3
3.2.2015 - 3:54 -]alw[-#fff000MoshPit killed Mad#ff0000Max#00dd00DZ for: blck
3.2.2015 - 3:55 -]alw[-#fff000MoshPit killed Mad#ff0000Max#00dd00DZ for: blck
3.2.2015 - 13:30 [SGA]DOOZYJude killed [DV]BUROV for: ass
3.2.2015 - 17:34 SandySweet killed #00FFFF[VIP]#FF0000Fun for: DONTBLOCKTHEFUCKINGROAD
3.2.2015 - 17:39 SandySweet killed Misigt321 for: noo9000b000000b00 BLOCKER
3.2.2015 - 21:41 [SGA]DOOZYJude killed [LFS]robson. for: ass
5.2.2015 - 17:49 [SGA]DOOZYJude killed [uDka]Granderski_Do$ for: dd
5.2.2015 - 17:50 [SGA]DOOZYJude killed MessyWasp40 for: ff
5.2.2015 - 19:34 SandySweet killed fail for: idiot
5.2.2015 - 19:35 SandySweet killed fail for: idiot\
6.2.2015 - 16:22 SandySweet killed #99ff00SzymonDaun for: daun
6.2.2015 - 22:50 SandySweet killed fail for: idiot
6.2.2015 - 22:50 SandySweet killed fail for: idiot
6.2.2015 - 22:56 SandySweet killed [uDka]Granderski_Do$ for: blocker
8.2.2015 - 7:0 -]alw[-#fff000MoshPit killed #000000Psychosis for: blc
8.2.2015 - 16:45 [SiK]PauerfC_Cl killed lesik for: idiot
8.2.2015 - 19:31 [SiK]PauerfC_Cl killed _B.R.EM._#FF0000BERKAY for: blocker
8.2.2015 - 19:31 [SiK]PauerfC_Cl killed _B.R.EM._#FF0000BERKAY for: blocker
8.2.2015 - 19:31 [SiK]PauerfC_Cl killed [SWAT]Altair for: blocker
8.2.2015 - 19:32 [SiK]PauerfC_Cl killed =FoX=n00b_JULI for: blocker
8.2.2015 - 19:32 [SiK]PauerfC_Cl killed Deganti_Vagina for: blocker
8.2.2015 - 19:32 [SiK]PauerfC_Cl killed =FoX=n00b_JULI for: blocker
8.2.2015 - 19:33 [SiK]PauerfC_Cl killed TastyOperative36 for: enter
8.2.2015 - 23:25 SandySweet killed #FF0000Carinha for: fdp
9.2.2015 - 19:58 [SGA]DOOZYJude killed [uDka]#7FFF00ZILINS for: dd
10.2.2015 - 14:43 SandySweet killed [uDka]Granderski_Do$ for: idiot
10.2.2015 - 14:49 SandySweet killed [uDka]Granderski_Do$ for: asd
10.2.2015 - 15:7 SandySweet killed [uDka]Granderski_Do$ for: block
10.2.2015 - 20:29 [SGA]DOOZYJude killed [uDka]Granderski_Do$ for: looooooooooooooooooooooooooooool
11.2.2015 - 9:51 -]alw[-#fff000MoshPit killed ProTurkish for: blck
11.2.2015 - 10:34 SandySweet killed ProTurkish for: idiot
11.2.2015 - 10:35 SandySweet killed ProTurkish for: wrongdirectionnoob
11.2.2015 - 10:41 -]alw[-#fff000MoshPit killed ProTurkish for: noob
11.2.2015 - 17:58 [SGA]#CCFF33pingeris killed stefanbula for: block
12.2.2015 - 14:17 SandySweet killed [AMGD]Muhammed[BSK] for: idiot o.,c
13.2.2015 - 0:26 SandySweet killed Nimrod for: idiot
13.2.2015 - 14:4 SandySweet killed Guest630 for: asd
13.2.2015 - 14:4 SandySweet killed Guest630 for: banned
13.2.2015 - 14:4 SandySweet killed Guest630 for: banned
13.2.2015 - 14:4 SandySweet killed Guest630 for: asd
13.2.2015 - 17:15 [SGA]DOOZYJude killed [uDka]#7FFF00ZILINS for: noob
13.2.2015 - 18:3 #FFD000Bob_Taylor killed [uDka]#7FFF00ZILINS for: nub
14.2.2015 - 12:50 [SiK]PauerfC_Cl killed [uDka]#7FFF00ZILINS for: blocker
14.2.2015 - 12:56 [SiK]PauerfC_Cl killed [uDka]#7FFF00ZILINS for: blocker
14.2.2015 - 20:23 [SiK]PauerfC_Cl killed PutinSucksBalls for: blocking idiot
15.2.2015 - 14:44 [SGA]DOOZYJude killed T300 for: kiss my ass
15.2.2015 - 19:3 [SiK]PauerfC_Cl killed Seagull for: let me help you
15.2.2015 - 19:50 [SiK]PauerfC_Cl killed [uDka]#7FFF00ZILINS for: blcoker
15.2.2015 - 20:29 [SGA]DOOZYJude killed Alex#000fffSolo for: ss
15.2.2015 - 21:5 [SGA]DOOZYJude killed lethal(gang)caneo35 for: block
15.2.2015 - 21:6 [SGA]DOOZYJude killed lethal(gang)caneo35 for: block
15.2.2015 - 21:6 [SGA]DOOZYJude killed lethal(gang)caneo35 for: ping
16.2.2015 - 16:13 [SiK]PauerfC_Cl killed Nero for: blocker
16.2.2015 - 17:17 [SGA]DOOZYJude killed EliTeXz for: ping
17.2.2015 - 17:29 [SiK]PauerfC_Cl killed Bonszi for: blocker
17.2.2015 - 17:29 [SiK]PauerfC_Cl killed bg4ever for: blocker
17.2.2015 - 21:21 [SGA]DOOZYJude killed #000000No-#00ff00name for: ?=!
18.2.2015 - 2:48 -]alw[-#fff000MoshPit killed FlacoElias for: rammer
18.2.2015 - 19:41 [SGA]DOOZYJude killed #1E90FFMusta for: test
18.2.2015 - 20:15 [SGA]DOOZYJude killed Bonszi for: ff
18.2.2015 - 20:15 [SGA]DOOZYJude killed Anukas69 for: ff
18.2.2015 - 20:16 [SGA]DOOZYJude killed Anukas69 for: ff
19.2.2015 - 15:49 [SGA]DOOZYJude killed Rome for: you know
19.2.2015 - 15:52 [SGA]DOOZYJude killed Brima for: ff
19.2.2015 - 16:33 [SGA]DOOZYJude killed Rome for: stop being retard
20.2.2015 - 8:56 -]alw[-#fff000MoshPit killed [LcP*]TicimitsS$u for: blck
20.2.2015 - 13:51 SandySweet killed [SGA]DOOZYJude for: asd
20.2.2015 - 14:5 SandySweet killed DRONN for: syja
20.2.2015 - 15:15 [SiK]PauerfC_Cl killed [LGS]Crack for: blocker
20.2.2015 - 15:16 [SiK]PauerfC_Cl killed [LGS]Crack for: still an idiot
20.2.2015 - 15:16 [SiK]PauerfC_Cl killed [LGS]Crack for: blocker
20.2.2015 - 15:16 [SiK]PauerfC_Cl killed [LGS]Crack for: blovker
20.2.2015 - 17:57 SandySweet killed [dLb]Semert for: zz
20.2.2015 - 18:18 SandySweet killed BRA#FFD700ZZ#FFFFFFERS for: pizda
20.2.2015 - 19:2 [dLb]Semen killed #00FFFFBulat_Bulka for: suka
20.2.2015 - 19:3 [dLb]Semen killed McVag for: Vagina
20.2.2015 - 19:14 [SGA]Jack123 killed valera for: noob
20.2.2015 - 19:26 [dLb]Semen killed valera for: bloooocoock
20.2.2015 - 20:53 [SGA]Jack123 killed Alex#000fffSolo for: idiot
20.2.2015 - 21:15 [SGA]#CCFF33pingeris killed #6600ffRealjno for: block
20.2.2015 - 21:20 [SGA]Jack123 killed #000000No-#00ff00name for: idiot
20.2.2015 - 21:23 [SGA]#CCFF33pingeris killed Mad#ff0000Max#00dd00DZ for: block
20.2.2015 - 21:23 [SGA]Jack123 killed #000000No-#00ff00name for: idiot
20.2.2015 - 21:24 [SGA]Jack123 killed #000000No-#00ff00name for: block
20.2.2015 - 21:24 [SGA]#CCFF33pingeris killed Mad#ff0000Max#00dd00DZ for: block
20.2.2015 - 21:24 [SGA]Jack123 killed #000000No-#00ff00name for: block
20.2.2015 - 21:30 [SGA]Jack123 killed #000000No-#00ff00name for: idiot
21.2.2015 - 11:7 [SiK]PauerfC_Cl killed [uDka]#FF0000ZILINS for: nab
21.2.2015 - 11:13 [SiK]PauerfC_Cl killed [uDka]#FF0000ZILINS for: blocker
21.2.2015 - 11:44 [SGA]Jack123 killed DRONN for: block
21.2.2015 - 11:47 [SGA]Jack123 killed DRONN for: block
21.2.2015 - 11:50 [SGA]Jack123 killed DRONN for: idiot
21.2.2015 - 15:12 [SGA]Jack123 killed VokietijosZydas for: block
21.2.2015 - 22:23 SandySweet killed [PqEk]#00FF40Drex for: puto
21.2.2015 - 22:23 SandySweet killed DRONN for: puto
21.2.2015 - 22:23 SandySweet killed [PqEk]#00FF40Drex for: puto
21.2.2015 - 22:36 SandySweet killed #000000No-#00ff00name for: idiot
21.2.2015 - 22:36 SandySweet killed [PqEk]#00FF40Drex for: puto
21.2.2015 - 22:36 SandySweet killed #000000No-#00ff00name for: asd
21.2.2015 - 22:39 SandySweet killed #000000No-#00ff00name for: noob
21.2.2015 - 23:0 SandySweet killed N4#5f9ea0RK0M#4169e1AN for: puto
22.2.2015 - 10:26 SandySweet killed #000000No-#00ff00name for: asd
22.2.2015 - 10:26 SandySweet killed #000000No-#00ff00name for: asd
22.2.2015 - 10:30 [SGA]#CCFF33pingeris killed #000000No-#00ff00name for: block
22.2.2015 - 10:31 SandySweet killed #000000No-#00ff00name for: asd
22.2.2015 - 10:31 SandySweet killed #000000No-#00ff00name for: asd
22.2.2015 - 10:32 SandySweet killed #000000No-#00ff00name for: asd
22.2.2015 - 10:47 [SGA]#CCFF33pingeris killed Deyko for: block
22.2.2015 - 10:48 [SGA]#CCFF33pingeris killed #000000No-#00ff00name for: block
22.2.2015 - 11:18 [SGA]Jack123 killed DRONN for: idiot
22.2.2015 - 11:22 [SGA]Jack123 killed #000000No-#00ff00name for: block
22.2.2015 - 11:22 [SGA]Jack123 killed #000000No-#00ff00name for: block
22.2.2015 - 11:23 [SGA]Jack123 killed DRONN for: idot
22.2.2015 - 11:25 [SGA]Jack123 killed #000000No-#00ff00name for: block
22.2.2015 - 11:25 [SGA]Jack123 killed #000000No-#00ff00name for: block
22.2.2015 - 11:33 [SGA]Jack123 killed DRONN for: block
22.2.2015 - 11:54 [SGA]Jack123 killed #000000No-#00ff00name for: fuck off
22.2.2015 - 12:31 [SGA]DOOZY#736AFFJude killed #000000No-#00ff00name for: ff
22.2.2015 - 12:37 [SGA]Jack123 killed #000000No-#00ff00name for: block
22.2.2015 - 12:39 [SGA]Jack123 killed DRONN for: block
22.2.2015 - 12:42 [SGA]Jack123 killed #000000No-#00ff00name for: ff
22.2.2015 - 12:42 [SGA]Jack123 killed DRONN for: block
22.2.2015 - 12:43 [SGA]DOOZY#736AFFJude killed #000000No-#00ff00name for: ff
22.2.2015 - 12:43 [SGA]DOOZY#736AFFJude killed #000000No-#00ff00name for: blocking my view
22.2.2015 - 12:46 [SGA]Jack123 killed DRONN for: block
22.2.2015 - 12:47 [SGA]Jack123 killed DRONN for: block
22.2.2015 - 12:52 [SGA]Jack123 killed DRONN for: block
22.2.2015 - 13:0 [SGA]#CCFF33pingeris killed DRONN for: block
22.2.2015 - 13:11 [SGA]Jack123 killed #000000No-#00ff00name for: block
22.2.2015 - 14:37 [SGA]DOOZY#736AFFJude killed [DoN]Granderski_Do$ for: ff
22.2.2015 - 14:37 [SGA]Jack123 killed [DoN]Granderski_Do$ for: block
22.2.2015 - 15:50 [SGA]DOOZY#736AFFJude killed #FFA500RedAngel for: ff
22.2.2015 - 16:33 [SGA]Jack123 killed #000000Anarhia for: block
23.2.2015 - 18:13 [SGA]Jack123 killed Nikala for: block
24.2.2015 - 8:50 -]alw[-#fff000MoshPit killed [DoN]Granderski_Do$ for: banhim
24.2.2015 - 9:11 -]alw[-#fff000MoshPit killed [DoN]Granderski_Do$ for: block
24.2.2015 - 9:12 -]alw[-#fff000MoshPit killed [DoN]Granderski_Do$ for: block
24.2.2015 - 9:14 -]alw[-#fff000MoshPit killed [DoN]Granderski_Do$ for: block
24.2.2015 - 17:49 [SGA]DOOZY#736AFFJude killed [uDka]#FF0000ZILINS for: ff
24.2.2015 - 17:55 [SGA]DOOZY#736AFFJude killed [uDka]#FF0000ZILINS for: revange
25.2.2015 - 14:46 [SiK]PauerfC_Cl killed #FF6347Bulat_Bulka for: idiot
26.2.2015 - 2:41 -]alw[-#fff000MoshPit killed Roba#ff0000(*#00dd00DZ for: blocking
26.2.2015 - 16:16 [SGA]Jack123 killed CHAD for: block
26.2.2015 - 17:40 [SiK]PauerfC_Cl killed #aae6b5civic for: press b
26.2.2015 - 18:5 [SGA]Jack123 killed WTF for: idiot
27.2.2015 - 13:46 [SGA]Jack123 killed #ff0000_Ma#0000ffKs_ for: idiot
27.2.2015 - 14:6 [SiK]PauerfC_Cl killed [uDka]#03ffA0Flomaster for: blcoker
27.2.2015 - 16:12 [SGA]Jack123 killed [PRO]kapi334 for: fag
27.2.2015 - 18:28 [SGA]Jack123 killed [DotsFam]pizzde for: idiot
2.3.2015 - 20:25 [SGA]Jack123 killed 7fold for: block
2.3.2015 - 20:26 [SGA]Jack123 killed 7fold for: idiot
3.3.2015 - 18:36 [SGA]DOOZY#736AFFJude killed zakomako for: huen
4.3.2015 - 13:52 [SiK]PauerfC_Cl killed #00FF00Ukranian_Gamer for: press b when afk
4.3.2015 - 16:15 [SGA]Jack123 killed Player7430 for: test
5.3.2015 - 12:40 [SGA]DOOZY#736AFFJude killed AdhocAardvark74 for: ff
5.3.2015 - 18:23 SandySweet killed [uDka]#FF0000DRAGON for: asd
6.3.2015 - 22:55 SandySweet killed #000000No-#00ff00name for: finishthemapfucker
6.3.2015 - 23:17 SandySweet killed #000000No-#00ff00name for: pizdaruska
6.3.2015 - 23:18 SandySweet killed #ff0000NetworkTrouble for: pussy
6.3.2015 - 23:22 SandySweet killed #000000No-#00ff00name for: blocker
7.3.2015 - 9:44 SandySweet killed Voodi for: asdf
7.3.2015 - 12:16 [SiK]PauerfC_Cl killed #00ffffCHEATER for: blcooker
7.3.2015 - 12:47 [SGA]DOOZY#736AFFJude killed GleamingPluto60 for: f
7.3.2015 - 13:54 SandySweet killed [B]mehmet6326 for: usonofawhore
7.3.2015 - 13:54 SandySweet killed [B]mehmet6326 for: asd
7.3.2015 - 13:54 SandySweet killed Fatih for: asd
7.3.2015 - 13:54 SandySweet killed [B]mehmet6326 for: asd
7.3.2015 - 13:57 [SGA]DOOZY#736AFFJude killed Bramster for: fff
7.3.2015 - 14:58 [SGA]Jack123 killed valera for: block
7.3.2015 - 14:59 [SGA]Jack123 killed valera for: block
8.3.2015 - 1:43 -]alw[-#fff000MoshPit killed [WRT]BlancoPerla for: blck
8.3.2015 - 11:53 SandySweet killed #ff0000Pro#00ff00Six for: blocker
8.3.2015 - 13:48 [SGA]DOOZY#736AFFJude killed #ff00ffMight for: ffd
8.3.2015 - 15:20 [SGA]Jack123 killed [WTTJ]#228B22Sangiz for: block
8.3.2015 - 15:20 [SGA]Jack123 killed #000000No-#00ff00name for: block
8.3.2015 - 15:32 [SGA]#CCFF33pingeris killed #000000No-#00ff00name for: block
8.3.2015 - 15:33 [SGA]#CCFF33pingeris killed #000000No-#00ff00name for: block
8.3.2015 - 15:33 [SGA]#CCFF33pingeris killed #000000No-#00ff00name for: block
8.3.2015 - 15:33 [SGA]#CCFF33pingeris killed #000000No-#00ff00name for: block
8.3.2015 - 15:34 [SGA]#CCFF33pingeris killed #000000No-#00ff00name for: block
8.3.2015 - 15:34 [SGA]#CCFF33pingeris killed #000000No-#00ff00name for: block
8.3.2015 - 15:34 [SGA]#CCFF33pingeris killed #000000No-#00ff00name for: block
8.3.2015 - 15:36 [SGA]Jack123 killed #000000No-#00ff00name for: block
8.3.2015 - 15:36 [SGA]Jack123 killed #000000No-#00ff00name for: block
8.3.2015 - 15:36 [SGA]Jack123 killed #000000No-#00ff00name for: block
8.3.2015 - 15:37 [SGA]Jack123 killed #000000No-#00ff00name for: block
8.3.2015 - 15:37 [SGA]Jack123 killed #000000No-#00ff00name for: block
8.3.2015 - 15:37 [SGA]Jack123 killed #000000No-#00ff00name for: block
8.3.2015 - 15:40 [SGA]Jack123 killed #000000No-#00ff00name for: block
10.3.2015 - 9:23 SandySweet killed Deyko for: fdp
10.3.2015 - 9:23 SandySweet killed Deyko for: fdp
10.3.2015 - 12:12 SandySweet killed #B1FB17Ookay#000000! for: asd
10.3.2015 - 12:13 SandySweet killed lkjhgf for: blocker
10.3.2015 - 17:31 SandySweet killed bux for: asd
10.3.2015 - 17:31 SandySweet killed bux for: asd
10.3.2015 - 17:31 SandySweet killed bux for: asd
10.3.2015 - 17:31 SandySweet killed bux for: asd
11.3.2015 - 2:2 -]alw[-#fff000MoshPit killed Alex for: wrongway
11.3.2015 - 12:53 [SiK]PauerfC_Cl killed #ff00ccRobaLTU for: noob
11.3.2015 - 13:33 [SGA]Jack123 killed [DoN]Granderski_Do$ for: kurwa
11.3.2015 - 13:34 [SGA]Jack123 killed [DoN]Granderski_Do$ for: ff
11.3.2015 - 13:47 [SGA]Jack123 killed [DoN]Granderski_Do$ for: idiot
11.3.2015 - 20:9 SandySweet killed buletov for: asd
11.3.2015 - 20:10 SandySweet killed [TR]JEMAL for: asd
11.3.2015 - 20:20 SandySweet killed buletov for: nub
11.3.2015 - 20:20 SandySweet killed [WRT]#ff4000rydah. for: matame
12.3.2015 - 10:49 SandySweet killed LikeableIntestines18 for: ruskapizda
12.3.2015 - 10:49 SandySweet killed LikeableIntestines18 for: asd
12.3.2015 - 20:55 [SGA]#CCFF33pingeris killed #96ff01Mathi for: block
12.3.2015 - 20:55 [SGA]#CCFF33pingeris killed #96ff01Mathi for: block
14.3.2015 - 11:40 SandySweet killed ildarb for: followcheckpoints
14.3.2015 - 11:44 [SGA]Jack123 killed nelagai for: rus fag
14.3.2015 - 11:44 [SGA]Jack123 killed nelagai for: ff
14.3.2015 - 12:38 [SiK]PauerfC_Cl killed Dima for: blocker
14.3.2015 - 22:57 SandySweet killed Scorpi for: idiot
14.3.2015 - 22:57 SandySweet killed #000000BLACK<~~ for: idiot
15.3.2015 - 13:38 [SGA]Jack123 killed #ff0000mR.#ffcc00GoLD for: anani banani
15.3.2015 - 13:38 [SGA]Jack123 killed #ff0000mR.#ffcc00GoLD for: blocker
15.3.2015 - 17:23 [SGA]DOOZY#736AFFJude killed #CC22CCA#FFFF00med for: idiot
15.3.2015 - 20:22 [SiK]PauerfC_Cl killed rAmI#ff0000(*#00ff2aDz for: blocker
15.3.2015 - 20:45 SandySweet killed t-ROLL for: stupidfuck
15.3.2015 - 20:46 SandySweet killed t-ROLL for: asd
15.3.2015 - 20:46 SandySweet killed t-ROLL for: asd
16.3.2015 - 8:40 -]alw[-#fff000MoshPit killed MysterMR for: noob
16.3.2015 - 18:38 [SiK]PauerfC_Cl killed Roba#ff0000(*#00dd0dDZ for: you fucking idiot
16.3.2015 - 18:38 [SiK]PauerfC_Cl killed Roba#ff0000(*#00dd0dDZ for: blocker
16.3.2015 - 18:39 [SiK]PauerfC_Cl killed Roba#ff0000(*#00dd0dDZ for: blocker
16.3.2015 - 18:40 [SiK]PauerfC_Cl killed #00FFFFNoob#40FF00{BG} for: blocker
16.3.2015 - 22:6 SandySweet killed #00FFFFNoob#40FF00{BG} for: blocker
16.3.2015 - 22:7 SandySweet killed Mad#ff0000Max#00dd00DZ for: asd
16.3.2015 - 22:7 SandySweet killed #FF0121KebabPower for: asd
16.3.2015 - 22:7 SandySweet killed #00FFFFNoob#40FF00{BG} for: blockeer
18.3.2015 - 8:50 SandySweet killed #ff00ccRobaLTU for: blockeer
18.3.2015 - 17:41 [SGA]DOOZY#736AFFJude killed NickYahoo for: suck noob
18.3.2015 - 17:42 [SGA]DOOZY#736AFFJude killed NickYahoo for: blocking
18.3.2015 - 19:37 SandySweet killed [uDka]#60fab5Flomaster for: nub
18.3.2015 - 20:16 SandySweet killed KoM|#FFCC00Buttinator for: blocker
19.3.2015 - 12:10 SandySweet killed NorBeeee for: blocker
19.3.2015 - 22:30 SandySweet killed Whelet for: blocker
20.3.2015 - 6:41 -]alw[-#fff000MoshPit killed #000000No-#00ff00name for: wrong way
20.3.2015 - 7:13 -]alw[-#fff000MoshPit killed #000000No-#00ff00name for: block
20.3.2015 - 7:16 -]alw[-#fff000MoshPit killed #000000No-#00ff00name for: block
20.3.2015 - 7:16 -]alw[-#fff000MoshPit killed #000000No-#00ff00name for: block
20.3.2015 - 7:57 SandySweet killed [BVB]#0000ffR#ffff00eq for: idiota
20.3.2015 - 12:54 [SGA]Jack123 killed klim for: ff
20.3.2015 - 18:28 SandySweet killed #33ff33[SKC]ViRuS for: asd
21.3.2015 - 12:54 [SGA]DOOZY#736AFFJude killed [SiK]Danubio for: ff
21.3.2015 - 13:4 [SGA]Jack123 killed [M_O]sosok_23 for: ff
21.3.2015 - 13:56 [SiK]PauerfC_Cl killed Tuco->lone-star-rider for: blocker
21.3.2015 - 15:54 [SGA]DOOZY#736AFFJude killed Kovine#FFFF00.Audrele. for: cf
21.3.2015 - 17:31 [SiK]PauerfC_Cl killed SavoryBirdcage99 for: blocker
21.3.2015 - 17:47 [SiK]PauerfC_Cl killed t-ROLL for: press b
22.3.2015 - 11:7 [SiK]PauerfC_Cl killed [9mm]Moktar for: blcoker
22.3.2015 - 13:44 [SiK]PauerfC_Cl killed [DoM]Tomek8248 for: IDIOTS
22.3.2015 - 13:54 [SiK]PauerfC_Cl killed sNs|#ff0000Joskaba for: blocker
22.3.2015 - 18:25 [SiK]PauerfC_Cl killed LovingScrubber16 for: press b
22.3.2015 - 18:25 [SiK]PauerfC_Cl killed errafifdakhla for: press b
22.3.2015 - 20:15 [SGA]Jack123 killed [uDka]#FF0000ANUBIS for: bug
23.3.2015 - 6:24 -]alw[-#fff000MoshPit killed #FFFF00Vkusnyshkin for: ;esve
27.8.2015 - 17:18 [SGA]Jack123 marked as blocker Thc
27.8.2015 - 18:25 KoM|#008099neo#990000x marked as blocker UnholyGhost
28.8.2015 - 13:0 [SGA]Jack123 marked as blocker Tammy
28.8.2015 - 13:20 [SGA]Jack123 marked as blocker Megasware128
28.8.2015 - 19:50 [SiK]Danubio killed Domper for: don't block pls
28.8.2015 - 21:41 [SGA]Jack123 marked as blocker #D9FF01Perrei
28.8.2015 - 23:40 SDK marked as blocker [LaP]#D70000FireWall
29.8.2015 - 2:1 -]alw[-#fff000MoshPit killed #FF0000St3v3n11 for: blck
29.8.2015 - 9:42 #CC22CCH#FFFF00ulpje marked as blocker Randy
29.8.2015 - 10:8 [SGA]Jack123 marked as blocker [T.M.I]STR8KASH
29.8.2015 - 13:7 [SGA]Jack123 marked as blocker Ikennd
29.8.2015 - 13:29 [SGA]Jack123 marked as blocker ViolentTroop49
29.8.2015 - 14:52 [DoN]#ff0000MoroGUY marked as blocker Hairyflodder
29.8.2015 - 22:22 SDK marked as blocker #424242KenBloc[K]
29.8.2015 - 22:30 [SGA]Jack123 marked as blocker NO-#0000ffxa#ff0000me
30.8.2015 - 18:50 [SGA]Jack123 marked as blocker [T.M.I]STR8KASH
30.8.2015 - 22:19 [SGA]Jack123 marked as blocker burak54
30.8.2015 - 22:42 [SGA]Jack123 marked as blocker Domper
3.9.2015 - 12:51 THE#ff0000MoroccanGUY marked as blocker #ff0000Sandro
3.9.2015 - 21:39 SDK killed #006600[Cs]=LEON for: tank
5.9.2015 - 2:6 -]alw[-#fff000MoshPit killed Veras for: blc
5.9.2015 - 13:34 [SGA]Jack123 marked as blocker [T.M.I]STR8KASH
5.9.2015 - 13:35 [SGA]Jack123 marked as blocker DenCo
5.9.2015 - 15:23 [OT]#FF8C00Stroth marked as blocker [T.M.I]STR8KASH
6.9.2015 - 21:31 -]alw[-#fff000MoshPit killed [TZH]Csigger for: blc
8.9.2015 - 17:47 [SGA]Jack123 marked as blocker #00ffffKR|Weed
8.9.2015 - 19:35 [SGA]Jack123 marked as blocker NO-#0000ffxa#ff0000me
9.9.2015 - 10:38 [OT]#FF8C00Stroth marked as blocker [OT]#FF8C00Stroth
9.9.2015 - 10:40 [OT]#FF8C00Stroth marked as blocker #ff0000Sandro
9.9.2015 - 19:3 [OT]#FF8C00Stroth marked as blocker Veras
9.9.2015 - 20:13 [OT]#FF8C00Stroth marked as blocker yar0slavw1ld
9.9.2015 - 20:16 [OT]#FF8C00Stroth marked as blocker [T.M.I]STR8KASH
10.9.2015 - 14:59 [SGA]H!J@CK killed UKRAINA_HUILOOOOO for: blo
10.9.2015 - 18:3 [OT]#FF8C00Stroth killed #FF0000ZILINS for: see ya later alligator
10.9.2015 - 21:38 #00AAFFCen#FF00FFa killed t-ROLL for: .
11.9.2015 - 15:56 [SGA]Jack123 marked as blocker #00ff00Jos#ffffffkaba
12.9.2015 - 17:4 THE#ff0000MoroccanGUY marked as blocker THE#ff0000MoroccanGUY
14.9.2015 - 11:31 -]alw[-#fff000MoshPit marked as blocker Big-Penis_Bad
15.9.2015 - 15:11 THE#ff0000MoroccanGUY marked as blocker uremine
15.9.2015 - 16:15 KoM|/////#000000AMG* marked as blocker Mrsanek
15.9.2015 - 17:19 [SGA]Jack123 marked as blocker uremine
17.9.2015 - 10:25 [OT]#00FF00Stroth marked as blocker ModernTurkey9
17.9.2015 - 15:24 [OT]#00FF00Stroth marked as blocker R0Ck
18.9.2015 - 1:45 -]alw[-#fff000MoshPit marked as blocker AthomicK
18.9.2015 - 5:14 -]alw[-#fff000MoshPit marked as blocker #00FFFFMurken
19.9.2015 - 8:11 -]alw[-#fff000MoshPit marked as blocker #00FFFFKR|#FEFE22Megas
19.9.2015 - 13:19 [OT]#00FF00Stroth marked as blocker NeoCJ
19.9.2015 - 18:33 -]alw[-#98f000besweeet marked as blocker THE#ff0000MoroccanGUY
20.9.2015 - 13:28 [SGA]Jack123 marked as blocker #00FF00Dzi#0000FFmi
20.9.2015 - 16:32 [SGA]Jack123 marked as blocker [T.M.I]STR8KASH
20.9.2015 - 17:54 [SGA]Jack123 marked as blocker sdm
21.9.2015 - 17:44 [SGA]Jack123 marked as blocker NeoCJ
23.9.2015 - 14:58 [OT]#00FF00Stroth marked as blocker #00ff00Jos#ffffffkaba
23.9.2015 - 15:10 [OT]#00FF00Stroth marked as blocker #FF0000RubinoviyBorsh
23.9.2015 - 15:24 [OT]#00FF00Stroth killed #00ff00Jos#ffffffkaba for: stop block!
23.9.2015 - 15:45 [OT]#00FF00Stroth marked as blocker #00ff00Jos#ffffffkaba
24.9.2015 - 1:28 SDK marked as blocker Encino_Man